<?xml version="1.0" encoding="UTF-8"?>
<!-- Generated by org.testng.reporters.JUnitXMLReporter -->
<testsuite hostname="AnmolS" failures="1" tests="25" name="Molecular Workflow" time="0.655" errors="0" timestamp="10 Oct 2019 11:40:29 GMT">
  <testcase classname="biocept.qa.testcases.TestConfig" name="@AfterClass LogOut" time="0.0">
    <failure type="java.lang.NullPointerException">
      <![CDATA[java.lang.NullPointerException
	at java.base/java.util.Objects.requireNonNull(Objects.java:221)
	at org.openqa.selenium.support.ui.FluentWait.<init>(FluentWait.java:106)
	at org.openqa.selenium.support.ui.WebDriverWait.<init>(WebDriverWait.java:85)
	at org.openqa.selenium.support.ui.WebDriverWait.<init>(WebDriverWait.java:45)
	at biocept.qa.utill.ExplicitWait.waitUntilElementToBeVisible(ExplicitWait.java:39)
	at biocept.qa.pages.LoginAndLogOut.LIMSLogOut(LoginAndLogOut.java:50)
	at biocept.qa.testcases.TestConfig.LogOut(TestConfig.java:532)
... Removed 24 stack frames]]>
    </failure>
  </testcase> <!-- @AfterClass LogOut -->
  <testcase classname="biocept.qa.testcases.TestConfig" name="PlaceNewOrderForMolecular" time="0.005">
    <failure type="java.lang.NullPointerException">
      <![CDATA[java.lang.NullPointerException
	at biocept.qa.pages.LoginAndLogOut.LIMSlogin(LoginAndLogOut.java:38)
	at biocept.qa.testcases.TestConfig.PlaceNewOrderForMolecular(TestConfig.java:76)
... Removed 24 stack frames]]>
    </failure>
  </testcase> <!-- PlaceNewOrderForMolecular -->
  <testcase classname="biocept.qa.testcases.TestConfig" name="UploadMacroFile" time="0.0">
    <skipped/>
  </testcase> <!-- UploadMacroFile -->
  <testcase classname="biocept.qa.testcases.TestConfig" name="NGS_PIActivityTitle" time="0.0">
    <skipped/>
  </testcase> <!-- NGS_PIActivityTitle -->
  <testcase classname="biocept.qa.testcases.TestConfig" name="UploadNGSFile" time="0.0">
    <skipped/>
  </testcase> <!-- UploadNGSFile -->
  <testcase classname="biocept.qa.testcases.TestConfig" name="NRASResultingActivityTitle" time="0.0">
    <skipped/>
  </testcase> <!-- NRASResultingActivityTitle -->
  <testcase classname="biocept.qa.testcases.TestConfig" name="NRASResultingUpdateResult" time="0.0">
    <skipped/>
  </testcase> <!-- NRASResultingUpdateResult -->
  <testcase classname="biocept.qa.testcases.TestConfig" name="NRASPIActivityTitle" time="0.0">
    <skipped/>
  </testcase> <!-- NRASPIActivityTitle -->
  <testcase classname="biocept.qa.testcases.TestConfig" name="NRASPIActivityResult" time="0.0">
    <skipped/>
  </testcase> <!-- NRASPIActivityResult -->
  <testcase classname="biocept.qa.testcases.TestConfig" name="NRASReportSignoff" time="0.0">
    <skipped/>
  </testcase> <!-- NRASReportSignoff -->
  <testcase classname="biocept.qa.testcases.TestConfig" name="BRAFResultingActivityTitle" time="0.0">
    <skipped/>
  </testcase> <!-- BRAFResultingActivityTitle -->
  <testcase classname="biocept.qa.testcases.TestConfig" name="BRAFResultingUpdateResult" time="0.0">
    <skipped/>
  </testcase> <!-- BRAFResultingUpdateResult -->
  <testcase classname="biocept.qa.testcases.TestConfig" name="UploadSequenceImagesForBRAF" time="0.0">
    <skipped/>
  </testcase> <!-- UploadSequenceImagesForBRAF -->
  <testcase classname="biocept.qa.testcases.TestConfig" name="BRAFSequencingActivityTitle" time="0.0">
    <skipped/>
  </testcase> <!-- BRAFSequencingActivityTitle -->
  <testcase classname="biocept.qa.testcases.TestConfig" name="BRAFSequencingActivityResult" time="0.0">
    <skipped/>
  </testcase> <!-- BRAFSequencingActivityResult -->
  <testcase classname="biocept.qa.testcases.TestConfig" name="BRAFPIActivityTitle" time="0.0">
    <skipped/>
  </testcase> <!-- BRAFPIActivityTitle -->
  <testcase classname="biocept.qa.testcases.TestConfig" name="BRAFPIActivityResult" time="0.0">
    <skipped/>
  </testcase> <!-- BRAFPIActivityResult -->
  <testcase classname="biocept.qa.testcases.TestConfig" name="BRAFReportSignoff" time="0.0">
    <skipped/>
  </testcase> <!-- BRAFReportSignoff -->
  <testcase classname="biocept.qa.testcases.TestConfig" name="KRASResultingActivityTitle" time="0.0">
    <skipped/>
  </testcase> <!-- KRASResultingActivityTitle -->
  <testcase classname="biocept.qa.testcases.TestConfig" name="KRASResultingUpdateResult" time="0.0">
    <skipped/>
  </testcase> <!-- KRASResultingUpdateResult -->
  <testcase classname="biocept.qa.testcases.TestConfig" name="UploadSequenceImagesForKRAS" time="0.0">
    <skipped/>
  </testcase> <!-- UploadSequenceImagesForKRAS -->
  <testcase classname="biocept.qa.testcases.TestConfig" name="KRASSequencingActivityTitle" time="0.001">
    <skipped/>
  </testcase> <!-- KRASSequencingActivityTitle -->
  <testcase classname="biocept.qa.testcases.TestConfig" name="KRASSequencingActivityResult" time="0.0">
    <skipped/>
  </testcase> <!-- KRASSequencingActivityResult -->
  <testcase classname="biocept.qa.testcases.TestConfig" name="KRASPIActivityTitle" time="0.0">
    <skipped/>
  </testcase> <!-- KRASPIActivityTitle -->
  <testcase classname="biocept.qa.testcases.TestConfig" name="KRASPIActivityResult" time="0.0">
    <skipped/>
  </testcase> <!-- KRASPIActivityResult -->
  <testcase classname="biocept.qa.testcases.TestConfig" name="KRASReportSignoff" time="0.0">
    <skipped/>
  </testcase> <!-- KRASReportSignoff -->
</testsuite> <!-- Molecular Workflow -->
